# JRE version: OpenJDK Runtime Environment GraalVM CE 22.3.0 (17.0.5+8) (build 17.0.5+8-jvmci-22.3-b08)
# Java VM: OpenJDK 64-Bit Server VM GraalVM CE 22.3.0 (17.0.5+8-jvmci-22.3-b08, mixed mode, sharing, tiered, jvmci, jvmci compiler, compressed oops, compressed class ptrs, parallel gc, linux-amd64)
GC Precious Log:
 CPUs: 8 total, 1 available
 Memory: 1024M
 Large Page Support: Disabled
 NUMA Support: Disabled
 Compressed Oops: Enabled (32-bit)
 Alignments: Space 512K, Generation 512K, Heap 2M
 Heap Min Capacity: 100M
 Heap Initial Capacity: 100M
 Heap Max Capacity: 512M
 Pre-touch: Disabled
 Parallel Workers: 1
Heap:
 PSYoungGen      total 65024K, used 47103K [0x00000000f5580000, 0x00000000fae00000, 0x0000000100000000)
  eden space 47104K, 99% used [0x00000000f5580000,0x00000000f837fff8,0x00000000f8380000)
  from space 17920K, 0% used [0x00000000f9b00000,0x00000000f9b00000,0x00000000fac80000)
  to   space 20992K, 0% used [0x00000000f8380000,0x00000000f8380000,0x00000000f9800000)
 ParOldGen       total 349696K, used 349695K [0x00000000e0000000, 0x00000000f5580000, 0x00000000f5580000)
  object space 349696K, 99% used [0x00000000e0000000,0x00000000f557ff08,0x00000000f5580000)
 Metaspace       used 61586K, committed 62784K, reserved 1105920K
  class space    used 6004K, committed 6464K, reserved 1048576K
GC Heap History (20 events):
Event: 355.118 GC heap before
{Heap before GC invocations=376 (full 255):
 PSYoungGen      total 65024K, used 47103K [0x00000000f5580000, 0x00000000fae00000, 0x0000000100000000)
  eden space 47104K, 99% used [0x00000000f5580000,0x00000000f837fff8,0x00000000f8380000)
  from space 17920K, 0% used [0x00000000f9b00000,0x00000000f9b00000,0x00000000fac80000)
  to   space 20992K, 0% used [0x00000000f8380000,0x00000000f8380000,0x00000000f9800000)
 ParOldGen       total 349696K, used 349687K [0x00000000e0000000, 0x00000000f5580000, 0x00000000f5580000)
  object space 349696K, 99% used [0x00000000e0000000,0x00000000f557dcf0,0x00000000f5580000)
 Metaspace       used 61581K, committed 62784K, reserved 1105920K
  class space    used 6003K, committed 6464K, reserved 1048576K
}
Event: 356.307 GC heap after
{Heap after GC invocations=376 (full 255):
 PSYoungGen      total 68096K, used 47103K [0x00000000f5580000, 0x00000000fae00000, 0x0000000100000000)
  eden space 47104K, 99% used [0x00000000f5580000,0x00000000f837fff8,0x00000000f8380000)
  from space 20992K, 0% used [0x00000000f8380000,0x00000000f8380000,0x00000000f9800000)
  to   space 17920K, 0% used [0x00000000f9b00000,0x00000000f9b00000,0x00000000fac80000)
 ParOldGen       total 349696K, used 349687K [0x00000000e0000000, 0x00000000f5580000, 0x00000000f5580000)
  object space 349696K, 99% used [0x00000000e0000000,0x00000000f557dcf0,0x00000000f5580000)
 Metaspace       used 61581K, committed 62784K, reserved 1105920K
  class space    used 6003K, committed 6464K, reserved 1048576K
}
Event: 356.307 GC heap before
{Heap before GC invocations=377 (full 256):
 PSYoungGen      total 68096K, used 47103K [0x00000000f5580000, 0x00000000fae00000, 0x0000000100000000)
  eden space 47104K, 99% used [0x00000000f5580000,0x00000000f837fff8,0x00000000f8380000)
  from space 20992K, 0% used [0x00000000f8380000,0x00000000f8380000,0x00000000f9800000)
  to   space 17920K, 0% used [0x00000000f9b00000,0x00000000f9b00000,0x00000000fac80000)
 ParOldGen       total 349696K, used 349690K [0x00000000e0000000, 0x00000000f5580000, 0x00000000f5580000)
  object space 349696K, 99% used [0x00000000e0000000,0x00000000f557e878,0x00000000f5580000)
 Metaspace       used 61581K, committed 62784K, reserved 1105920K
  class space    used 6003K, committed 6464K, reserved 1048576K
}
Event: 357.616 GC heap after
{Heap after GC invocations=377 (full 256):
 PSYoungGen      total 65024K, used 47103K [0x00000000f5580000, 0x00000000fae00000, 0x0000000100000000)
  eden space 47104K, 99% used [0x00000000f5580000,0x00000000f837fd08,0x00000000f8380000)
  from space 17920K, 0% used [0x00000000f9b00000,0x00000000f9b00000,0x00000000fac80000)
  to   space 20992K, 0% used [0x00000000f8380000,0x00000000f8380000,0x00000000f9800000)
 ParOldGen       total 349696K, used 349690K [0x00000000e0000000, 0x00000000f5580000, 0x00000000f5580000)
  object space 349696K, 99% used [0x00000000e0000000,0x00000000f557e860,0x00000000f5580000)
 Metaspace       used 61581K, committed 62784K, reserved 1105920K
  class space    used 6003K, committed 6464K, reserved 1048576K
}
Event: 357.617 GC heap before
{Heap before GC invocations=378 (full 257):
 PSYoungGen      total 65024K, used 47103K [0x00000000f5580000, 0x00000000fae00000, 0x0000000100000000)
  eden space 47104K, 99% used [0x00000000f5580000,0x00000000f837fff0,0x00000000f8380000)
  from space 17920K, 0% used [0x00000000f9b00000,0x00000000f9b00000,0x00000000fac80000)
  to   space 20992K, 0% used [0x00000000f8380000,0x00000000f8380000,0x00000000f9800000)
 ParOldGen       total 349696K, used 349690K [0x00000000e0000000, 0x00000000f5580000, 0x00000000f5580000)
  object space 349696K, 99% used [0x00000000e0000000,0x00000000f557e860,0x00000000f5580000)
 Metaspace       used 61581K, committed 62784K, reserved 1105920K
  class space    used 6003K, committed 6464K, reserved 1048576K
}
Event: 358.718 GC heap after
{Heap after GC invocations=378 (full 257):
 PSYoungGen      total 68096K, used 47103K [0x00000000f5580000, 0x00000000fae00000, 0x0000000100000000)
  eden space 47104K, 99% used [0x00000000f5580000,0x00000000f837ffa8,0x00000000f8380000)
  from space 20992K, 0% used [0x00000000f8380000,0x00000000f8380000,0x00000000f9800000)
  to   space 17920K, 0% used [0x00000000f9b00000,0x00000000f9b00000,0x00000000fac80000)
 ParOldGen       total 349696K, used 349690K [0x00000000e0000000, 0x00000000f5580000, 0x00000000f5580000)
  object space 349696K, 99% used [0x00000000e0000000,0x00000000f557e860,0x00000000f5580000)
 Metaspace       used 61581K, committed 62784K, reserved 1105920K
  class space    used 6003K, committed 6464K, reserved 1048576K
}
Event: 358.718 GC heap before
{Heap before GC invocations=379 (full 258):
 PSYoungGen      total 68096K, used 47103K [0x00000000f5580000, 0x00000000fae00000, 0x0000000100000000)
  eden space 47104K, 99% used [0x00000000f5580000,0x00000000f837fff8,0x00000000f8380000)
  from space 20992K, 0% used [0x00000000f8380000,0x00000000f8380000,0x00000000f9800000)
  to   space 17920K, 0% used [0x00000000f9b00000,0x00000000f9b00000,0x00000000fac80000)
 ParOldGen       total 349696K, used 349690K [0x00000000e0000000, 0x00000000f5580000, 0x00000000f5580000)
  object space 349696K, 99% used [0x00000000e0000000,0x00000000f557e860,0x00000000f5580000)
 Metaspace       used 61581K, committed 62784K, reserved 1105920K
  class space    used 6003K, committed 6464K, reserved 1048576K
}
Event: 360.041 GC heap after
{Heap after GC invocations=379 (full 258):
 PSYoungGen      total 65024K, used 47103K [0x00000000f5580000, 0x00000000fae00000, 0x0000000100000000)
  eden space 47104K, 99% used [0x00000000f5580000,0x00000000f837fff8,0x00000000f8380000)
  from space 17920K, 0% used [0x00000000f9b00000,0x00000000f9b00000,0x00000000fac80000)
  to   space 20992K, 0% used [0x00000000f8380000,0x00000000f8380000,0x00000000f9800000)
 ParOldGen       total 349696K, used 349690K [0x00000000e0000000, 0x00000000f5580000, 0x00000000f5580000)
  object space 349696K, 99% used [0x00000000e0000000,0x00000000f557e860,0x00000000f5580000)
 Metaspace       used 61581K, committed 62784K, reserved 1105920K
  class space    used 6003K, committed 6464K, reserved 1048576K
}
Event: 360.042 GC heap before
{Heap before GC invocations=380 (full 259):
 PSYoungGen      total 65024K, used 47103K [0x00000000f5580000, 0x00000000fae00000, 0x0000000100000000)
  eden space 47104K, 99% used [0x00000000f5580000,0x00000000f837fff8,0x00000000f8380000)
  from space 17920K, 0% used [0x00000000f9b00000,0x00000000f9b00000,0x00000000fac80000)
  to   space 20992K, 0% used [0x00000000f8380000,0x00000000f8380000,0x00000000f9800000)
 ParOldGen       total 349696K, used 349692K [0x00000000e0000000, 0x00000000f5580000, 0x00000000f5580000)
  object space 349696K, 99% used [0x00000000e0000000,0x00000000f557f3d8,0x00000000f5580000)
 Metaspace       used 61583K, committed 62784K, reserved 1105920K
  class space    used 6004K, committed 6464K, reserved 1048576K
}
Event: 361.156 GC heap after
{Heap after GC invocations=380 (full 259):
 PSYoungGen      total 68096K, used 47103K [0x00000000f5580000, 0x00000000fae00000, 0x0000000100000000)
  eden space 47104K, 99% used [0x00000000f5580000,0x00000000f837ff60,0x00000000f8380000)
  from space 20992K, 0% used [0x00000000f8380000,0x00000000f8380000,0x00000000f9800000)
  to   space 17920K, 0% used [0x00000000f9b00000,0x00000000f9b00000,0x00000000fac80000)
 ParOldGen       total 349696K, used 349692K [0x00000000e0000000, 0x00000000f5580000, 0x00000000f5580000)
  object space 349696K, 99% used [0x00000000e0000000,0x00000000f557f010,0x00000000f5580000)
 Metaspace       used 61583K, committed 62784K, reserved 1105920K
  class space    used 6004K, committed 6464K, reserved 1048576K
}
Event: 361.204 GC heap before
{Heap before GC invocations=381 (full 260):
 PSYoungGen      total 68096K, used 47103K [0x00000000f5580000, 0x00000000fae00000, 0x0000000100000000)
  eden space 47104K, 99% used [0x00000000f5580000,0x00000000f837fff8,0x00000000f8380000)
  from space 20992K, 0% used [0x00000000f8380000,0x00000000f8380000,0x00000000f9800000)
  to   space 17920K, 0% used [0x00000000f9b00000,0x00000000f9b00000,0x00000000fac80000)
 ParOldGen       total 349696K, used 349692K [0x00000000e0000000, 0x00000000f5580000, 0x00000000f5580000)
  object space 349696K, 99% used [0x00000000e0000000,0x00000000f557f010,0x00000000f5580000)
 Metaspace       used 61583K, committed 62784K, reserved 1105920K
  class space    used 6004K, committed 6464K, reserved 1048576K
}
Event: 362.318 GC heap after
{Heap after GC invocations=381 (full 260):
 PSYoungGen      total 65024K, used 47103K [0x00000000f5580000, 0x00000000fae00000, 0x0000000100000000)
  eden space 47104K, 99% used [0x00000000f5580000,0x00000000f837ffc8,0x00000000f8380000)
  from space 17920K, 0% used [0x00000000f9b00000,0x00000000f9b00000,0x00000000fac80000)
  to   space 20992K, 0% used [0x00000000f8380000,0x00000000f8380000,0x00000000f9800000)
 ParOldGen       total 349696K, used 349692K [0x00000000e0000000, 0x00000000f5580000, 0x00000000f5580000)
  object space 349696K, 99% used [0x00000000e0000000,0x00000000f557f010,0x00000000f5580000)
 Metaspace       used 61583K, committed 62784K, reserved 1105920K
  class space    used 6004K, committed 6464K, reserved 1048576K
}
Event: 362.318 GC heap before
{Heap before GC invocations=382 (full 261):
 PSYoungGen      total 65024K, used 47104K [0x00000000f5580000, 0x00000000fae00000, 0x0000000100000000)
  eden space 47104K, 100% used [0x00000000f5580000,0x00000000f8380000,0x00000000f8380000)
  from space 17920K, 0% used [0x00000000f9b00000,0x00000000f9b00000,0x00000000fac80000)
  to   space 20992K, 0% used [0x00000000f8380000,0x00000000f8380000,0x00000000f9800000)
 ParOldGen       total 349696K, used 349694K [0x00000000e0000000, 0x00000000f5580000, 0x00000000f5580000)
  object space 349696K, 99% used [0x00000000e0000000,0x00000000f557f850,0x00000000f5580000)
 Metaspace       used 61586K, committed 62784K, reserved 1105920K
  class space    used 6004K, committed 6464K, reserved 1048576K
}
Event: 363.601 GC heap after
{Heap after GC invocations=382 (full 261):
 PSYoungGen      total 68096K, used 47103K [0x00000000f5580000, 0x00000000fae00000, 0x0000000100000000)
  eden space 47104K, 99% used [0x00000000f5580000,0x00000000f837fec0,0x00000000f8380000)
  from space 20992K, 0% used [0x00000000f8380000,0x00000000f8380000,0x00000000f9800000)
  to   space 17920K, 0% used [0x00000000f9b00000,0x00000000f9b00000,0x00000000fac80000)
 ParOldGen       total 349696K, used 349693K [0x00000000e0000000, 0x00000000f5580000, 0x00000000f5580000)
  object space 349696K, 99% used [0x00000000e0000000,0x00000000f557f730,0x00000000f5580000)
 Metaspace       used 61586K, committed 62784K, reserved 1105920K
  class space    used 6004K, committed 6464K, reserved 1048576K
}
Event: 363.601 GC heap before
{Heap before GC invocations=383 (full 262):
 PSYoungGen      total 68096K, used 47104K [0x00000000f5580000, 0x00000000fae00000, 0x0000000100000000)
  eden space 47104K, 100% used [0x00000000f5580000,0x00000000f8380000,0x00000000f8380000)
  from space 20992K, 0% used [0x00000000f8380000,0x00000000f8380000,0x00000000f9800000)
  to   space 17920K, 0% used [0x00000000f9b00000,0x00000000f9b00000,0x00000000fac80000)
 ParOldGen       total 349696K, used 349693K [0x00000000e0000000, 0x00000000f5580000, 0x00000000f5580000)
  object space 349696K, 99% used [0x00000000e0000000,0x00000000f557f730,0x00000000f5580000)
 Metaspace       used 61586K, committed 62784K, reserved 1105920K
  class space    used 6004K, committed 6464K, reserved 1048576K
}
Event: 364.751 GC heap after
{Heap after GC invocations=383 (full 262):
 PSYoungGen      total 65024K, used 47103K [0x00000000f5580000, 0x00000000fae00000, 0x0000000100000000)
  eden space 47104K, 99% used [0x00000000f5580000,0x00000000f837fec0,0x00000000f8380000)
  from space 17920K, 0% used [0x00000000f9b00000,0x00000000f9b00000,0x00000000fac80000)
  to   space 20992K, 0% used [0x00000000f8380000,0x00000000f8380000,0x00000000f9800000)
 ParOldGen       total 349696K, used 349693K [0x00000000e0000000, 0x00000000f5580000, 0x00000000f5580000)
  object space 349696K, 99% used [0x00000000e0000000,0x00000000f557f730,0x00000000f5580000)
 Metaspace       used 61586K, committed 62784K, reserved 1105920K
  class space    used 6004K, committed 6464K, reserved 1048576K
}
Event: 364.751 GC heap before
{Heap before GC invocations=384 (full 263):
 PSYoungGen      total 65024K, used 47103K [0x00000000f5580000, 0x00000000fae00000, 0x0000000100000000)
  eden space 47104K, 99% used [0x00000000f5580000,0x00000000f837ffa8,0x00000000f8380000)
  from space 17920K, 0% used [0x00000000f9b00000,0x00000000f9b00000,0x00000000fac80000)
  to   space 20992K, 0% used [0x00000000f8380000,0x00000000f8380000,0x00000000f9800000)
 ParOldGen       total 349696K, used 349693K [0x00000000e0000000, 0x00000000f5580000, 0x00000000f5580000)
  object space 349696K, 99% used [0x00000000e0000000,0x00000000f557f730,0x00000000f5580000)
 Metaspace       used 61586K, committed 62784K, reserved 1105920K
  class space    used 6004K, committed 6464K, reserved 1048576K
}
Event: 366.111 GC heap after
{Heap after GC invocations=384 (full 263):
 PSYoungGen      total 68096K, used 47103K [0x00000000f5580000, 0x00000000fae00000, 0x0000000100000000)
  eden space 47104K, 99% used [0x00000000f5580000,0x00000000f837fed8,0x00000000f8380000)
  from space 20992K, 0% used [0x00000000f8380000,0x00000000f8380000,0x00000000f9800000)
  to   space 17920K, 0% used [0x00000000f9b00000,0x00000000f9b00000,0x00000000fac80000)
 ParOldGen       total 349696K, used 349693K [0x00000000e0000000, 0x00000000f5580000, 0x00000000f5580000)
  object space 349696K, 99% used [0x00000000e0000000,0x00000000f557f730,0x00000000f5580000)
 Metaspace       used 61586K, committed 62784K, reserved 1105920K
  class space    used 6004K, committed 6464K, reserved 1048576K
}
Event: 366.111 GC heap before
{Heap before GC invocations=385 (full 264):
 PSYoungGen      total 68096K, used 47103K [0x00000000f5580000, 0x00000000fae00000, 0x0000000100000000)
  eden space 47104K, 99% used [0x00000000f5580000,0x00000000f837fed8,0x00000000f8380000)
  from space 20992K, 0% used [0x00000000f8380000,0x00000000f8380000,0x00000000f9800000)
  to   space 17920K, 0% used [0x00000000f9b00000,0x00000000f9b00000,0x00000000fac80000)
 ParOldGen       total 349696K, used 349693K [0x00000000e0000000, 0x00000000f5580000, 0x00000000f5580000)
  object space 349696K, 99% used [0x00000000e0000000,0x00000000f557f730,0x00000000f5580000)
 Metaspace       used 61586K, committed 62784K, reserved 1105920K
  class space    used 6004K, committed 6464K, reserved 1048576K
}
Event: 367.522 GC heap after
{Heap after GC invocations=385 (full 264):
 PSYoungGen      total 65024K, used 47103K [0x00000000f5580000, 0x00000000fae00000, 0x0000000100000000)
  eden space 47104K, 99% used [0x00000000f5580000,0x00000000f837fed8,0x00000000f8380000)
  from space 17920K, 0% used [0x00000000f9b00000,0x00000000f9b00000,0x00000000fac80000)
  to   space 20992K, 0% used [0x00000000f8380000,0x00000000f8380000,0x00000000f9800000)
 ParOldGen       total 349696K, used 349693K [0x00000000e0000000, 0x00000000f5580000, 0x00000000f5580000)
  object space 349696K, 99% used [0x00000000e0000000,0x00000000f557f730,0x00000000f5580000)
 Metaspace       used 61586K, committed 62784K, reserved 1105920K
  class space    used 6004K, committed 6464K, reserved 1048576K
}

