# JRE version: OpenJDK Runtime Environment GraalVM CE 22.3.0 (17.0.5+8) (build 17.0.5+8-jvmci-22.3-b08)
# Java VM: OpenJDK 64-Bit Server VM GraalVM CE 22.3.0 (17.0.5+8-jvmci-22.3-b08, mixed mode, sharing, tiered, jvmci, jvmci compiler, compressed oops, compressed class ptrs, parallel gc, linux-amd64)
GC Precious Log:
 CPUs: 16 total, 1 available
 Memory: 1024M
 Large Page Support: Disabled
 NUMA Support: Disabled
 Compressed Oops: Enabled (32-bit)
 Alignments: Space 512K, Generation 512K, Heap 2M
 Heap Min Capacity: 100M
 Heap Initial Capacity: 100M
 Heap Max Capacity: 512M
 Pre-touch: Disabled
 Parallel Workers: 1
Heap:
 PSYoungGen      total 43008K, used 28160K [0x00000000f5580000, 0x00000000f8f80000, 0x0000000100000000)
  eden space 28160K, 100% used [0x00000000f5580000,0x00000000f7100000,0x00000000f7100000)
  from space 14848K, 0% used [0x00000000f7100000,0x00000000f7100000,0x00000000f7f80000)
  to   space 14848K, 0% used [0x00000000f7f80000,0x00000000f7f80000,0x00000000f8e00000)
 ParOldGen       total 349696K, used 349695K [0x00000000e0000000, 0x00000000f5580000, 0x00000000f5580000)
  object space 349696K, 99% used [0x00000000e0000000,0x00000000f557fff8,0x00000000f5580000)
 Metaspace       used 64142K, committed 65088K, reserved 1114112K
  class space    used 6108K, committed 6528K, reserved 1048576K
GC Heap History (20 events):
Event: 2074.132 GC heap before
{Heap before GC invocations=860 (full 738):
 PSYoungGen      total 43008K, used 28159K [0x00000000f5580000, 0x00000000f8f80000, 0x0000000100000000)
  eden space 28160K, 99% used [0x00000000f5580000,0x00000000f70ffff8,0x00000000f7100000)
  from space 14848K, 0% used [0x00000000f7100000,0x00000000f7100000,0x00000000f7f80000)
  to   space 14848K, 0% used [0x00000000f7f80000,0x00000000f7f80000,0x00000000f8e00000)
 ParOldGen       total 349696K, used 349695K [0x00000000e0000000, 0x00000000f5580000, 0x00000000f5580000)
  object space 349696K, 99% used [0x00000000e0000000,0x00000000f557ffb0,0x00000000f5580000)
 Metaspace       used 64142K, committed 65088K, reserved 1114112K
  class space    used 6108K, committed 6528K, reserved 1048576K
}
Event: 2076.321 GC heap after
{Heap after GC invocations=860 (full 738):
 PSYoungGen      total 43008K, used 28159K [0x00000000f5580000, 0x00000000f8f80000, 0x0000000100000000)
  eden space 28160K, 99% used [0x00000000f5580000,0x00000000f70fffe8,0x00000000f7100000)
  from space 14848K, 0% used [0x00000000f7f80000,0x00000000f7f80000,0x00000000f8e00000)
  to   space 14848K, 0% used [0x00000000f7100000,0x00000000f7100000,0x00000000f7f80000)
 ParOldGen       total 349696K, used 349695K [0x00000000e0000000, 0x00000000f5580000, 0x00000000f5580000)
  object space 349696K, 99% used [0x00000000e0000000,0x00000000f557ffb0,0x00000000f5580000)
 Metaspace       used 64142K, committed 65088K, reserved 1114112K
  class space    used 6108K, committed 6528K, reserved 1048576K
}
Event: 2076.322 GC heap before
{Heap before GC invocations=861 (full 739):
 PSYoungGen      total 43008K, used 28159K [0x00000000f5580000, 0x00000000f8f80000, 0x0000000100000000)
  eden space 28160K, 99% used [0x00000000f5580000,0x00000000f70ffff8,0x00000000f7100000)
  from space 14848K, 0% used [0x00000000f7f80000,0x00000000f7f80000,0x00000000f8e00000)
  to   space 14848K, 0% used [0x00000000f7100000,0x00000000f7100000,0x00000000f7f80000)
 ParOldGen       total 349696K, used 349695K [0x00000000e0000000, 0x00000000f5580000, 0x00000000f5580000)
  object space 349696K, 99% used [0x00000000e0000000,0x00000000f557ffb0,0x00000000f5580000)
 Metaspace       used 64142K, committed 65088K, reserved 1114112K
  class space    used 6108K, committed 6528K, reserved 1048576K
}
Event: 2078.404 GC heap after
{Heap after GC invocations=861 (full 739):
 PSYoungGen      total 43008K, used 28159K [0x00000000f5580000, 0x00000000f8f80000, 0x0000000100000000)
  eden space 28160K, 99% used [0x00000000f5580000,0x00000000f70fffc8,0x00000000f7100000)
  from space 14848K, 0% used [0x00000000f7100000,0x00000000f7100000,0x00000000f7f80000)
  to   space 14848K, 0% used [0x00000000f7f80000,0x00000000f7f80000,0x00000000f8e00000)
 ParOldGen       total 349696K, used 349695K [0x00000000e0000000, 0x00000000f5580000, 0x00000000f5580000)
  object space 349696K, 99% used [0x00000000e0000000,0x00000000f557ffb0,0x00000000f5580000)
 Metaspace       used 64142K, committed 65088K, reserved 1114112K
  class space    used 6108K, committed 6528K, reserved 1048576K
}
Event: 2078.406 GC heap before
{Heap before GC invocations=862 (full 740):
 PSYoungGen      total 43008K, used 28160K [0x00000000f5580000, 0x00000000f8f80000, 0x0000000100000000)
  eden space 28160K, 100% used [0x00000000f5580000,0x00000000f7100000,0x00000000f7100000)
  from space 14848K, 0% used [0x00000000f7100000,0x00000000f7100000,0x00000000f7f80000)
  to   space 14848K, 0% used [0x00000000f7f80000,0x00000000f7f80000,0x00000000f8e00000)
 ParOldGen       total 349696K, used 349695K [0x00000000e0000000, 0x00000000f5580000, 0x00000000f5580000)
  object space 349696K, 99% used [0x00000000e0000000,0x00000000f557ffb0,0x00000000f5580000)
 Metaspace       used 64142K, committed 65088K, reserved 1114112K
  class space    used 6108K, committed 6528K, reserved 1048576K
}
Event: 2080.609 GC heap after
{Heap after GC invocations=862 (full 740):
 PSYoungGen      total 43008K, used 28160K [0x00000000f5580000, 0x00000000f8f80000, 0x0000000100000000)
  eden space 28160K, 100% used [0x00000000f5580000,0x00000000f7100000,0x00000000f7100000)
  from space 14848K, 0% used [0x00000000f7f80000,0x00000000f7f80000,0x00000000f8e00000)
  to   space 14848K, 0% used [0x00000000f7100000,0x00000000f7100000,0x00000000f7f80000)
 ParOldGen       total 349696K, used 349695K [0x00000000e0000000, 0x00000000f5580000, 0x00000000f5580000)
  object space 349696K, 99% used [0x00000000e0000000,0x00000000f557ffb0,0x00000000f5580000)
 Metaspace       used 64142K, committed 65088K, reserved 1114112K
  class space    used 6108K, committed 6528K, reserved 1048576K
}
Event: 2080.614 GC heap before
{Heap before GC invocations=863 (full 741):
 PSYoungGen      total 43008K, used 28160K [0x00000000f5580000, 0x00000000f8f80000, 0x0000000100000000)
  eden space 28160K, 100% used [0x00000000f5580000,0x00000000f7100000,0x00000000f7100000)
  from space 14848K, 0% used [0x00000000f7f80000,0x00000000f7f80000,0x00000000f8e00000)
  to   space 14848K, 0% used [0x00000000f7100000,0x00000000f7100000,0x00000000f7f80000)
 ParOldGen       total 349696K, used 349695K [0x00000000e0000000, 0x00000000f5580000, 0x00000000f5580000)
  object space 349696K, 99% used [0x00000000e0000000,0x00000000f557fff8,0x00000000f5580000)
 Metaspace       used 64142K, committed 65088K, reserved 1114112K
  class space    used 6108K, committed 6528K, reserved 1048576K
}
Event: 2082.712 GC heap after
{Heap after GC invocations=863 (full 741):
 PSYoungGen      total 43008K, used 28160K [0x00000000f5580000, 0x00000000f8f80000, 0x0000000100000000)
  eden space 28160K, 100% used [0x00000000f5580000,0x00000000f7100000,0x00000000f7100000)
  from space 14848K, 0% used [0x00000000f7100000,0x00000000f7100000,0x00000000f7f80000)
  to   space 14848K, 0% used [0x00000000f7f80000,0x00000000f7f80000,0x00000000f8e00000)
 ParOldGen       total 349696K, used 349695K [0x00000000e0000000, 0x00000000f5580000, 0x00000000f5580000)
  object space 349696K, 99% used [0x00000000e0000000,0x00000000f557fff8,0x00000000f5580000)
 Metaspace       used 64142K, committed 65088K, reserved 1114112K
  class space    used 6108K, committed 6528K, reserved 1048576K
}
Event: 2082.712 GC heap before
{Heap before GC invocations=864 (full 742):
 PSYoungGen      total 43008K, used 28160K [0x00000000f5580000, 0x00000000f8f80000, 0x0000000100000000)
  eden space 28160K, 100% used [0x00000000f5580000,0x00000000f7100000,0x00000000f7100000)
  from space 14848K, 0% used [0x00000000f7100000,0x00000000f7100000,0x00000000f7f80000)
  to   space 14848K, 0% used [0x00000000f7f80000,0x00000000f7f80000,0x00000000f8e00000)
 ParOldGen       total 349696K, used 349695K [0x00000000e0000000, 0x00000000f5580000, 0x00000000f5580000)
  object space 349696K, 99% used [0x00000000e0000000,0x00000000f557fff8,0x00000000f5580000)
 Metaspace       used 64142K, committed 65088K, reserved 1114112K
  class space    used 6108K, committed 6528K, reserved 1048576K
}
Event: 2084.840 GC heap after
{Heap after GC invocations=864 (full 742):
 PSYoungGen      total 43008K, used 28160K [0x00000000f5580000, 0x00000000f8f80000, 0x0000000100000000)
  eden space 28160K, 100% used [0x00000000f5580000,0x00000000f7100000,0x00000000f7100000)
  from space 14848K, 0% used [0x00000000f7f80000,0x00000000f7f80000,0x00000000f8e00000)
  to   space 14848K, 0% used [0x00000000f7100000,0x00000000f7100000,0x00000000f7f80000)
 ParOldGen       total 349696K, used 349695K [0x00000000e0000000, 0x00000000f5580000, 0x00000000f5580000)
  object space 349696K, 99% used [0x00000000e0000000,0x00000000f557fff8,0x00000000f5580000)
 Metaspace       used 64142K, committed 65088K, reserved 1114112K
  class space    used 6108K, committed 6528K, reserved 1048576K
}
Event: 2084.892 GC heap before
{Heap before GC invocations=865 (full 743):
 PSYoungGen      total 43008K, used 28160K [0x00000000f5580000, 0x00000000f8f80000, 0x0000000100000000)
  eden space 28160K, 100% used [0x00000000f5580000,0x00000000f7100000,0x00000000f7100000)
  from space 14848K, 0% used [0x00000000f7f80000,0x00000000f7f80000,0x00000000f8e00000)
  to   space 14848K, 0% used [0x00000000f7100000,0x00000000f7100000,0x00000000f7f80000)
 ParOldGen       total 349696K, used 349695K [0x00000000e0000000, 0x00000000f5580000, 0x00000000f5580000)
  object space 349696K, 99% used [0x00000000e0000000,0x00000000f557fff8,0x00000000f5580000)
 Metaspace       used 64142K, committed 65088K, reserved 1114112K
  class space    used 6108K, committed 6528K, reserved 1048576K
}
Event: 2087.101 GC heap after
{Heap after GC invocations=865 (full 743):
 PSYoungGen      total 43008K, used 28159K [0x00000000f5580000, 0x00000000f8f80000, 0x0000000100000000)
  eden space 28160K, 99% used [0x00000000f5580000,0x00000000f70fffe0,0x00000000f7100000)
  from space 14848K, 0% used [0x00000000f7100000,0x00000000f7100000,0x00000000f7f80000)
  to   space 14848K, 0% used [0x00000000f7f80000,0x00000000f7f80000,0x00000000f8e00000)
 ParOldGen       total 349696K, used 349695K [0x00000000e0000000, 0x00000000f5580000, 0x00000000f5580000)
  object space 349696K, 99% used [0x00000000e0000000,0x00000000f557fff8,0x00000000f5580000)
 Metaspace       used 64142K, committed 65088K, reserved 1114112K
  class space    used 6108K, committed 6528K, reserved 1048576K
}
Event: 2087.108 GC heap before
{Heap before GC invocations=866 (full 744):
 PSYoungGen      total 43008K, used 28160K [0x00000000f5580000, 0x00000000f8f80000, 0x0000000100000000)
  eden space 28160K, 100% used [0x00000000f5580000,0x00000000f7100000,0x00000000f7100000)
  from space 14848K, 0% used [0x00000000f7100000,0x00000000f7100000,0x00000000f7f80000)
  to   space 14848K, 0% used [0x00000000f7f80000,0x00000000f7f80000,0x00000000f8e00000)
 ParOldGen       total 349696K, used 349695K [0x00000000e0000000, 0x00000000f5580000, 0x00000000f5580000)
  object space 349696K, 99% used [0x00000000e0000000,0x00000000f557fff8,0x00000000f5580000)
 Metaspace       used 64142K, committed 65088K, reserved 1114112K
  class space    used 6108K, committed 6528K, reserved 1048576K
}
Event: 2089.507 GC heap after
{Heap after GC invocations=866 (full 744):
 PSYoungGen      total 43008K, used 28160K [0x00000000f5580000, 0x00000000f8f80000, 0x0000000100000000)
  eden space 28160K, 100% used [0x00000000f5580000,0x00000000f7100000,0x00000000f7100000)
  from space 14848K, 0% used [0x00000000f7f80000,0x00000000f7f80000,0x00000000f8e00000)
  to   space 14848K, 0% used [0x00000000f7100000,0x00000000f7100000,0x00000000f7f80000)
 ParOldGen       total 349696K, used 349695K [0x00000000e0000000, 0x00000000f5580000, 0x00000000f5580000)
  object space 349696K, 99% used [0x00000000e0000000,0x00000000f557fff8,0x00000000f5580000)
 Metaspace       used 64142K, committed 65088K, reserved 1114112K
  class space    used 6108K, committed 6528K, reserved 1048576K
}
Event: 2089.507 GC heap before
{Heap before GC invocations=867 (full 745):
 PSYoungGen      total 43008K, used 28160K [0x00000000f5580000, 0x00000000f8f80000, 0x0000000100000000)
  eden space 28160K, 100% used [0x00000000f5580000,0x00000000f7100000,0x00000000f7100000)
  from space 14848K, 0% used [0x00000000f7f80000,0x00000000f7f80000,0x00000000f8e00000)
  to   space 14848K, 0% used [0x00000000f7100000,0x00000000f7100000,0x00000000f7f80000)
 ParOldGen       total 349696K, used 349695K [0x00000000e0000000, 0x00000000f5580000, 0x00000000f5580000)
  object space 349696K, 99% used [0x00000000e0000000,0x00000000f557fff8,0x00000000f5580000)
 Metaspace       used 64142K, committed 65088K, reserved 1114112K
  class space    used 6108K, committed 6528K, reserved 1048576K
}
Event: 2092.106 GC heap after
{Heap after GC invocations=867 (full 745):
 PSYoungGen      total 43008K, used 28160K [0x00000000f5580000, 0x00000000f8f80000, 0x0000000100000000)
  eden space 28160K, 100% used [0x00000000f5580000,0x00000000f7100000,0x00000000f7100000)
  from space 14848K, 0% used [0x00000000f7100000,0x00000000f7100000,0x00000000f7f80000)
  to   space 14848K, 0% used [0x00000000f7f80000,0x00000000f7f80000,0x00000000f8e00000)
 ParOldGen       total 349696K, used 349695K [0x00000000e0000000, 0x00000000f5580000, 0x00000000f5580000)
  object space 349696K, 99% used [0x00000000e0000000,0x00000000f557fff8,0x00000000f5580000)
 Metaspace       used 64142K, committed 65088K, reserved 1114112K
  class space    used 6108K, committed 6528K, reserved 1048576K
}
Event: 2092.106 GC heap before
{Heap before GC invocations=868 (full 746):
 PSYoungGen      total 43008K, used 28160K [0x00000000f5580000, 0x00000000f8f80000, 0x0000000100000000)
  eden space 28160K, 100% used [0x00000000f5580000,0x00000000f7100000,0x00000000f7100000)
  from space 14848K, 0% used [0x00000000f7100000,0x00000000f7100000,0x00000000f7f80000)
  to   space 14848K, 0% used [0x00000000f7f80000,0x00000000f7f80000,0x00000000f8e00000)
 ParOldGen       total 349696K, used 349695K [0x00000000e0000000, 0x00000000f5580000, 0x00000000f5580000)
  object space 349696K, 99% used [0x00000000e0000000,0x00000000f557fff8,0x00000000f5580000)
 Metaspace       used 64142K, committed 65088K, reserved 1114112K
  class space    used 6108K, committed 6528K, reserved 1048576K
}
Event: 2094.602 GC heap after
{Heap after GC invocations=868 (full 746):
 PSYoungGen      total 43008K, used 28160K [0x00000000f5580000, 0x00000000f8f80000, 0x0000000100000000)
  eden space 28160K, 100% used [0x00000000f5580000,0x00000000f7100000,0x00000000f7100000)
  from space 14848K, 0% used [0x00000000f7f80000,0x00000000f7f80000,0x00000000f8e00000)
  to   space 14848K, 0% used [0x00000000f7100000,0x00000000f7100000,0x00000000f7f80000)
 ParOldGen       total 349696K, used 349695K [0x00000000e0000000, 0x00000000f5580000, 0x00000000f5580000)
  object space 349696K, 99% used [0x00000000e0000000,0x00000000f557fff8,0x00000000f5580000)
 Metaspace       used 64142K, committed 65088K, reserved 1114112K
  class space    used 6108K, committed 6528K, reserved 1048576K
}
Event: 2094.602 GC heap before
{Heap before GC invocations=869 (full 747):
 PSYoungGen      total 43008K, used 28160K [0x00000000f5580000, 0x00000000f8f80000, 0x0000000100000000)
  eden space 28160K, 100% used [0x00000000f5580000,0x00000000f7100000,0x00000000f7100000)
  from space 14848K, 0% used [0x00000000f7f80000,0x00000000f7f80000,0x00000000f8e00000)
  to   space 14848K, 0% used [0x00000000f7100000,0x00000000f7100000,0x00000000f7f80000)
 ParOldGen       total 349696K, used 349695K [0x00000000e0000000, 0x00000000f5580000, 0x00000000f5580000)
  object space 349696K, 99% used [0x00000000e0000000,0x00000000f557fff8,0x00000000f5580000)
 Metaspace       used 64142K, committed 65088K, reserved 1114112K
  class space    used 6108K, committed 6528K, reserved 1048576K
}
Event: 2097.106 GC heap after
{Heap after GC invocations=869 (full 747):
 PSYoungGen      total 43008K, used 28160K [0x00000000f5580000, 0x00000000f8f80000, 0x0000000100000000)
  eden space 28160K, 100% used [0x00000000f5580000,0x00000000f7100000,0x00000000f7100000)
  from space 14848K, 0% used [0x00000000f7100000,0x00000000f7100000,0x00000000f7f80000)
  to   space 14848K, 0% used [0x00000000f7f80000,0x00000000f7f80000,0x00000000f8e00000)
 ParOldGen       total 349696K, used 349695K [0x00000000e0000000, 0x00000000f5580000, 0x00000000f5580000)
  object space 349696K, 99% used [0x00000000e0000000,0x00000000f557fff8,0x00000000f5580000)
 Metaspace       used 64142K, committed 65088K, reserved 1114112K
  class space    used 6108K, committed 6528K, reserved 1048576K
}

